<?xml version="1.0" encoding="UTF-8"?>
<robot generator="Robot 5.0.1 (Python 3.10.5 on win32)" generated="20221122 23:23:47.369" rpa="false" schemaversion="3">
<suite id="s1" name="automateTestTeam0" source="C:\xampp\htdocs\automateTestTeam0">
<suite id="s1-s1" name="ProjectManager" source="C:\xampp\htdocs\automateTestTeam0\ProjectManager">
<suite id="s1-s1-s1" name="Tets Addproject" source="C:\xampp\htdocs\automateTestTeam0\ProjectManager\tets_addproject">
<suite id="s1-s1-s1-s1" name="TestAddproject" source="C:\xampp\htdocs\automateTestTeam0\ProjectManager\tets_addproject\TestAddproject.robot">
<test id="s1-s1-s1-s1-t1" name="Add Project Failed Not Completed Gmail" line="248">
<kw name="Open file Excel">
<kw name="Open Excel" library="ExcelRobot">
<arg>C:\\xampp\\htdocs\\automateTestTeam0\\ProjectManager\\tets_addproject\\test_data.xlsx</arg>
<doc>Opens the Excel file to read from the path provided in the file path parameter.</doc>
<msg timestamp="20221122 23:23:49.600" level="INFO">Opening file at C:\xampp\htdocs\automateTestTeam0\ProjectManager\tets_addproject\test_data.xlsx</msg>
<status status="PASS" starttime="20221122 23:23:49.599" endtime="20221122 23:23:49.615"/>
</kw>
<status status="PASS" starttime="20221122 23:23:49.598" endtime="20221122 23:23:49.616"/>
</kw>
<kw name="Read Cell Data" library="ExcelRobot">
<var>${Username}</var>
<arg>Project Manager</arg>
<arg>0</arg>
<arg>1</arg>
<doc>Uses the column and row to return the data from that cell.</doc>
<msg timestamp="20221122 23:23:49.618" level="INFO">${Username} = sunisa.su@gmail.com	</msg>
<status status="PASS" starttime="20221122 23:23:49.617" endtime="20221122 23:23:49.620"/>
</kw>
<kw name="Read Cell Data" library="ExcelRobot">
<var>${Password}</var>
<arg>Project Manager</arg>
<arg>1</arg>
<arg>1</arg>
<doc>Uses the column and row to return the data from that cell.</doc>
<msg timestamp="20221122 23:23:49.624" level="INFO">${Password} = sunisa.s</msg>
<status status="PASS" starttime="20221122 23:23:49.621" endtime="20221122 23:23:49.631"/>
</kw>
<kw name="Open Project Monitoring System">
<kw name="Open Browser" library="SeleniumLibrary">
<arg>${URL}</arg>
<arg>${BROWSER}</arg>
<doc>Opens a new browser instance to the optional ``url``.</doc>
<msg timestamp="20221122 23:23:49.635" level="INFO">Opening browser 'Google Chrome' to base url 'http://dekdee2.informatics.buu.ac.th:9080/team0/'.</msg>
<status status="PASS" starttime="20221122 23:23:49.633" endtime="20221122 23:24:07.601"/>
</kw>
<kw name="Maximize Browser Window" library="SeleniumLibrary">
<doc>Maximizes current browser window.</doc>
<status status="PASS" starttime="20221122 23:24:07.616" endtime="20221122 23:24:08.175"/>
</kw>
<status status="PASS" starttime="20221122 23:23:49.632" endtime="20221122 23:24:08.179"/>
</kw>
<kw name="Click Menu Login">
<kw name="Sleep" library="BuiltIn">
<arg>2s</arg>
<doc>Pauses the test executed for the given time.</doc>
<msg timestamp="20221122 23:24:10.224" level="INFO">Slept 2 seconds</msg>
<status status="PASS" starttime="20221122 23:24:08.206" endtime="20221122 23:24:10.266"/>
</kw>
<kw name="Click Element" library="SeleniumLibrary">
<arg>//*[@id="main-wrapper"]/header/nav/div[2]/ul[2]/li/a</arg>
<doc>Click the element identified by ``locator``.</doc>
<msg timestamp="20221122 23:24:10.274" level="INFO">Clicking element '//*[@id="main-wrapper"]/header/nav/div[2]/ul[2]/li/a'.</msg>
<status status="PASS" starttime="20221122 23:24:10.268" endtime="20221122 23:24:13.881"/>
</kw>
<status status="PASS" starttime="20221122 23:24:08.203" endtime="20221122 23:24:13.882"/>
</kw>
<kw name="Sleep" library="BuiltIn">
<arg>1s</arg>
<doc>Pauses the test executed for the given time.</doc>
<msg timestamp="20221122 23:24:15.156" level="INFO">Slept 1 second</msg>
<status status="PASS" starttime="20221122 23:24:14.147" endtime="20221122 23:24:15.162"/>
</kw>
<kw name="Input Text" library="SeleniumLibrary">
<arg>id:u_email</arg>
<arg>${Username}</arg>
<doc>Types the given ``text`` into the text field identified by ``locator``.</doc>
<msg timestamp="20221122 23:24:15.169" level="INFO">Typing text 'sunisa.su@gmail.com	' into text field 'id:u_email'.</msg>
<status status="PASS" starttime="20221122 23:24:15.166" endtime="20221122 23:24:15.683"/>
</kw>
<kw name="Sleep" library="BuiltIn">
<arg>1s</arg>
<doc>Pauses the test executed for the given time.</doc>
<msg timestamp="20221122 23:24:16.696" level="INFO">Slept 1 second</msg>
<status status="PASS" starttime="20221122 23:24:15.684" endtime="20221122 23:24:16.700"/>
</kw>
<kw name="Input Text" library="SeleniumLibrary">
<arg>id:u_password</arg>
<arg>${Password}</arg>
<doc>Types the given ``text`` into the text field identified by ``locator``.</doc>
<msg timestamp="20221122 23:24:16.705" level="INFO">Typing text 'sunisa.s' into text field 'id:u_password'.</msg>
<status status="PASS" starttime="20221122 23:24:16.703" endtime="20221122 23:24:16.905"/>
</kw>
<kw name="Click to Login">
<kw name="Sleep" library="BuiltIn">
<arg>2s</arg>
<doc>Pauses the test executed for the given time.</doc>
<msg timestamp="20221122 23:24:18.925" level="INFO">Slept 2 seconds</msg>
<status status="PASS" starttime="20221122 23:24:16.909" endtime="20221122 23:24:18.927"/>
</kw>
<kw name="Click Element" library="SeleniumLibrary">
<arg>//*[@id="loginBtn"]</arg>
<doc>Click the element identified by ``locator``.</doc>
<msg timestamp="20221122 23:24:18.929" level="INFO">Clicking element '//*[@id="loginBtn"]'.</msg>
<status status="PASS" starttime="20221122 23:24:18.927" endtime="20221122 23:24:21.862"/>
</kw>
<status status="PASS" starttime="20221122 23:24:16.907" endtime="20221122 23:24:21.864"/>
</kw>
<kw name="Click Sidebar Icon">
<kw name="Sleep" library="BuiltIn">
<arg>2s</arg>
<doc>Pauses the test executed for the given time.</doc>
<msg timestamp="20221122 23:24:23.882" level="INFO">Slept 2 seconds</msg>
<status status="PASS" starttime="20221122 23:24:21.868" endtime="20221122 23:24:24.123"/>
</kw>
<kw name="Click Element" library="SeleniumLibrary">
<arg>//*[@id="sidebarnav"]/li[2]/a</arg>
<doc>Click the element identified by ``locator``.</doc>
<msg timestamp="20221122 23:24:24.126" level="INFO">Clicking element '//*[@id="sidebarnav"]/li[2]/a'.</msg>
<status status="PASS" starttime="20221122 23:24:24.124" endtime="20221122 23:24:26.993"/>
</kw>
<status status="PASS" starttime="20221122 23:24:21.866" endtime="20221122 23:24:26.995"/>
</kw>
<kw name="Click Add Project">
<kw name="Sleep" library="BuiltIn">
<arg>2s</arg>
<doc>Pauses the test executed for the given time.</doc>
<msg timestamp="20221122 23:24:29.073" level="INFO">Slept 2 seconds</msg>
<status status="PASS" starttime="20221122 23:24:27.054" endtime="20221122 23:24:29.078"/>
</kw>
<kw name="Click Element" library="SeleniumLibrary">
<arg>//*[@id="addBtn"]</arg>
<doc>Click the element identified by ``locator``.</doc>
<msg timestamp="20221122 23:24:29.085" level="INFO">Clicking element '//*[@id="addBtn"]'.</msg>
<status status="PASS" starttime="20221122 23:24:29.083" endtime="20221122 23:24:29.236"/>
</kw>
<status status="PASS" starttime="20221122 23:24:27.051" endtime="20221122 23:24:29.236"/>
</kw>
<kw name="Click Name Project">
<kw name="Sleep" library="BuiltIn">
<arg>2s</arg>
<doc>Pauses the test executed for the given time.</doc>
<msg timestamp="20221122 23:24:31.308" level="INFO">Slept 2 seconds</msg>
<status status="PASS" starttime="20221122 23:24:29.291" endtime="20221122 23:24:31.315"/>
</kw>
<kw name="Input Text" library="SeleniumLibrary">
<arg>//*[@id="p_name"]</arg>
<arg>บุญเติม</arg>
<doc>Types the given ``text`` into the text field identified by ``locator``.</doc>
<msg timestamp="20221122 23:24:31.339" level="INFO">Typing text 'บุญเติม' into text field '//*[@id="p_name"]'.</msg>
<status status="PASS" starttime="20221122 23:24:31.323" endtime="20221122 23:24:31.646"/>
</kw>
<status status="PASS" starttime="20221122 23:24:29.290" endtime="20221122 23:24:31.647"/>
</kw>
<kw name="Click Detail Project">
<kw name="Sleep" library="BuiltIn">
<arg>2s</arg>
<doc>Pauses the test executed for the given time.</doc>
<msg timestamp="20221122 23:24:33.671" level="INFO">Slept 2 seconds</msg>
<status status="PASS" starttime="20221122 23:24:31.658" endtime="20221122 23:24:33.677"/>
</kw>
<kw name="Input Text" library="SeleniumLibrary">
<arg>//*[@id="p_detail"]</arg>
<arg>ดำเนินธุรกิจเป็นผู้ให้บริการเติมเงินโทรศัพท์มือถือประเภทเติมเงินล่วงหน้า</arg>
<doc>Types the given ``text`` into the text field identified by ``locator``.</doc>
<msg timestamp="20221122 23:24:33.680" level="INFO">Typing text 'ดำเนินธุรกิจเป็นผู้ให้บริการเติมเงินโทรศัพท์มือถือประเภทเติมเงินล่วงหน้า' into text field '//*[@id="p_detail"]'.</msg>
<status status="PASS" starttime="20221122 23:24:33.678" endtime="20221122 23:24:34.583"/>
</kw>
<status status="PASS" starttime="20221122 23:24:31.656" endtime="20221122 23:24:34.585"/>
</kw>
<kw name="Click Customer Name">
<kw name="Sleep" library="BuiltIn">
<arg>2s</arg>
<doc>Pauses the test executed for the given time.</doc>
<msg timestamp="20221122 23:24:36.612" level="INFO">Slept 2 seconds</msg>
<status status="PASS" starttime="20221122 23:24:34.593" endtime="20221122 23:24:36.623"/>
</kw>
<kw name="Input Text" library="SeleniumLibrary">
<arg>//*[@id="p_customer"]</arg>
<arg>สิรนัน โตนอง</arg>
<doc>Types the given ``text`` into the text field identified by ``locator``.</doc>
<msg timestamp="20221122 23:24:36.626" level="INFO">Typing text 'สิรนัน โตนอง' into text field '//*[@id="p_customer"]'.</msg>
<status status="PASS" starttime="20221122 23:24:36.623" endtime="20221122 23:24:37.655"/>
</kw>
<status status="PASS" starttime="20221122 23:24:34.591" endtime="20221122 23:24:37.656"/>
</kw>
<kw name="Click Date">
<kw name="Sleep" library="BuiltIn">
<arg>2s</arg>
<doc>Pauses the test executed for the given time.</doc>
<msg timestamp="20221122 23:24:39.735" level="INFO">Slept 2 seconds</msg>
<status status="PASS" starttime="20221122 23:24:37.729" endtime="20221122 23:24:39.747"/>
</kw>
<kw name="Input Text" library="SeleniumLibrary">
<arg>//*[@id="p_createdate"]</arg>
<arg>22-11-2022</arg>
<doc>Types the given ``text`` into the text field identified by ``locator``.</doc>
<msg timestamp="20221122 23:24:39.751" level="INFO">Typing text '22-11-2022' into text field '//*[@id="p_createdate"]'.</msg>
<status status="PASS" starttime="20221122 23:24:39.748" endtime="20221122 23:24:41.087"/>
</kw>
<status status="PASS" starttime="20221122 23:24:37.727" endtime="20221122 23:24:41.088"/>
</kw>
<kw name="Click TelNo">
<kw name="Sleep" library="BuiltIn">
<arg>2s</arg>
<doc>Pauses the test executed for the given time.</doc>
<msg timestamp="20221122 23:24:43.191" level="INFO">Slept 2 seconds</msg>
<status status="PASS" starttime="20221122 23:24:41.155" endtime="20221122 23:24:43.229"/>
</kw>
<kw name="Input Text" library="SeleniumLibrary">
<arg>//*[@id="p_telcontact"]</arg>
<arg>0943459985</arg>
<doc>Types the given ``text`` into the text field identified by ``locator``.</doc>
<msg timestamp="20221122 23:24:43.236" level="INFO">Typing text '0943459985' into text field '//*[@id="p_telcontact"]'.</msg>
<status status="PASS" starttime="20221122 23:24:43.230" endtime="20221122 23:24:44.008"/>
</kw>
<status status="PASS" starttime="20221122 23:24:41.152" endtime="20221122 23:24:44.009"/>
</kw>
<kw name="Click Line Customer">
<kw name="Sleep" library="BuiltIn">
<arg>2s</arg>
<doc>Pauses the test executed for the given time.</doc>
<msg timestamp="20221122 23:24:46.063" level="INFO">Slept 2 seconds</msg>
<status status="PASS" starttime="20221122 23:24:44.043" endtime="20221122 23:24:46.069"/>
</kw>
<kw name="Input Text" library="SeleniumLibrary">
<arg>//*[@id="p_linecontact"]</arg>
<arg>nun_qw11</arg>
<doc>Types the given ``text`` into the text field identified by ``locator``.</doc>
<msg timestamp="20221122 23:24:46.077" level="INFO">Typing text 'nun_qw11' into text field '//*[@id="p_linecontact"]'.</msg>
<status status="PASS" starttime="20221122 23:24:46.072" endtime="20221122 23:24:46.770"/>
</kw>
<status status="PASS" starttime="20221122 23:24:44.041" endtime="20221122 23:24:46.771"/>
</kw>
<kw name="Click Wrong Gmail Customer">
<kw name="Sleep" library="BuiltIn">
<arg>2s</arg>
<doc>Pauses the test executed for the given time.</doc>
<msg timestamp="20221122 23:24:48.806" level="INFO">Slept 2 seconds</msg>
<status status="PASS" starttime="20221122 23:24:46.798" endtime="20221122 23:24:48.810"/>
</kw>
<kw name="Input Text" library="SeleniumLibrary">
<arg>//*[@id="p_emailcontact"]</arg>
<arg>nun111</arg>
<doc>Types the given ``text`` into the text field identified by ``locator``.</doc>
<msg timestamp="20221122 23:24:48.813" level="INFO">Typing text 'nun111' into text field '//*[@id="p_emailcontact"]'.</msg>
<status status="PASS" starttime="20221122 23:24:48.811" endtime="20221122 23:24:49.304"/>
</kw>
<status status="PASS" starttime="20221122 23:24:46.796" endtime="20221122 23:24:49.305"/>
</kw>
<kw name="Click ect">
<kw name="Sleep" library="BuiltIn">
<arg>2s</arg>
<doc>Pauses the test executed for the given time.</doc>
<msg timestamp="20221122 23:24:51.378" level="INFO">Slept 2 seconds</msg>
<status status="PASS" starttime="20221122 23:24:49.328" endtime="20221122 23:24:51.429"/>
</kw>
<kw name="Input Text" library="SeleniumLibrary">
<arg>//*[@id="p_othercontact"]</arg>
<arg>บริการรับชำระเงินออนไลน์อื่นๆผ่านเครื่องรับชำระเงินอัตโนมัติ หรือ “ตู้บุญเติม”</arg>
<doc>Types the given ``text`` into the text field identified by ``locator``.</doc>
<msg timestamp="20221122 23:24:51.444" level="INFO">Typing text 'บริการรับชำระเงินออนไลน์อื่นๆผ่านเครื่องรับชำระเงินอัตโนมัติ หรือ “ตู้บุญเติม”' into text field '//*[@id="p_othercontact"]'.</msg>
<status status="PASS" starttime="20221122 23:24:51.430" endtime="20221122 23:24:52.598"/>
</kw>
<status status="PASS" starttime="20221122 23:24:49.326" endtime="20221122 23:24:52.599"/>
</kw>
<kw name="Click Confirm">
<kw name="Sleep" library="BuiltIn">
<arg>2s</arg>
<doc>Pauses the test executed for the given time.</doc>
<msg timestamp="20221122 23:24:54.611" level="INFO">Slept 2 seconds</msg>
<status status="PASS" starttime="20221122 23:24:52.607" endtime="20221122 23:24:54.615"/>
</kw>
<kw name="Click Element" library="SeleniumLibrary">
<arg>//*[@id="mainModalFooter"]/button[1]</arg>
<doc>Click the element identified by ``locator``.</doc>
<msg timestamp="20221122 23:24:54.618" level="INFO">Clicking element '//*[@id="mainModalFooter"]/button[1]'.</msg>
<status status="PASS" starttime="20221122 23:24:54.616" endtime="20221122 23:24:54.717"/>
</kw>
<status status="PASS" starttime="20221122 23:24:52.605" endtime="20221122 23:24:54.719"/>
</kw>
<kw name="Click Confirm Again">
<kw name="Sleep" library="BuiltIn">
<arg>2s</arg>
<doc>Pauses the test executed for the given time.</doc>
<msg timestamp="20221122 23:24:56.726" level="INFO">Slept 2 seconds</msg>
<status status="PASS" starttime="20221122 23:24:54.722" endtime="20221122 23:24:56.729"/>
</kw>
<kw name="Click Element" library="SeleniumLibrary">
<arg>//*[@class="swal2-confirm swal2-styled"]</arg>
<doc>Click the element identified by ``locator``.</doc>
<msg timestamp="20221122 23:24:56.731" level="INFO">Clicking element '//*[@class="swal2-confirm swal2-styled"]'.</msg>
<msg timestamp="20221122 23:24:57.002" level="INFO" html="true">&lt;/td&gt;&lt;/tr&gt;&lt;tr&gt;&lt;td colspan="3"&gt;&lt;a href="selenium-screenshot-3.png"&gt;&lt;img src="selenium-screenshot-3.png" width="800px"&gt;&lt;/a&gt;</msg>
<msg timestamp="20221122 23:24:57.027" level="FAIL">Element with locator '//*[@class="swal2-confirm swal2-styled"]' not found.</msg>
<status status="FAIL" starttime="20221122 23:24:56.730" endtime="20221122 23:24:57.077"/>
</kw>
<status status="FAIL" starttime="20221122 23:24:54.720" endtime="20221122 23:24:57.083"/>
</kw>
<kw name="Close Browser Page">
<status status="NOT RUN" starttime="20221122 23:24:57.090" endtime="20221122 23:24:57.091"/>
</kw>
<status status="FAIL" starttime="20221122 23:23:49.595" endtime="20221122 23:24:57.112">Element with locator '//*[@class="swal2-confirm swal2-styled"]' not found.</status>
</test>
<status status="FAIL" starttime="20221122 23:23:47.490" endtime="20221122 23:24:57.139"/>
</suite>
<status status="FAIL" starttime="20221122 23:23:47.476" endtime="20221122 23:24:57.197"/>
</suite>
<status status="FAIL" starttime="20221122 23:23:47.463" endtime="20221122 23:24:57.208"/>
</suite>
<status status="FAIL" starttime="20221122 23:23:47.383" endtime="20221122 23:24:57.216"/>
</suite>
<statistics>
<total>
<stat pass="0" fail="1" skip="0">All Tests</stat>
</total>
<tag>
</tag>
<suite>
<stat pass="0" fail="1" skip="0" id="s1" name="automateTestTeam0">automateTestTeam0</stat>
<stat pass="0" fail="1" skip="0" id="s1-s1" name="ProjectManager">automateTestTeam0.ProjectManager</stat>
<stat pass="0" fail="1" skip="0" id="s1-s1-s1" name="Tets Addproject">automateTestTeam0.ProjectManager.Tets Addproject</stat>
<stat pass="0" fail="1" skip="0" id="s1-s1-s1-s1" name="TestAddproject">automateTestTeam0.ProjectManager.Tets Addproject.TestAddproject</stat>
</suite>
</statistics>
<errors>
</errors>
</robot>
