<?xml version="1.0" encoding="UTF-8"?>
<robot generator="Robot 5.0.1 (Python 3.10.5 on win32)" generated="20221029 19:07:05.262" rpa="false" schemaversion="3">
<suite id="s1" name="automateTestTeam0" source="C:\xampp\htdocs\automateTestTeam0">
<suite id="s1-s1" name="Employee" source="C:\xampp\htdocs\automateTestTeam0\Employee">
<suite id="s1-s1-s1" name="test add taskInProject" source="C:\xampp\htdocs\automateTestTeam0\Employee\test_add_taskInProject">
<suite id="s1-s1-s1-s1" name="add taskInProject" source="C:\xampp\htdocs\automateTestTeam0\Employee\test_add_taskInProject\add_taskInProject.robot">
<test id="s1-s1-s1-s1-t1" name="Add Task in Project Success" line="54">
<kw name="Open file Excel">
<kw name="Open Excel" library="ExcelRobot">
<arg>C:\\xampp\\htdocs\\automateTestTeam0\\Employee\\test_add_taskInProject\\test_data.xlsx</arg>
<doc>Opens the Excel file to read from the path provided in the file path parameter.</doc>
<msg timestamp="20221029 19:07:06.805" level="INFO">Opening file at C:\xampp\htdocs\automateTestTeam0\Employee\test_add_taskInProject\test_data.xlsx</msg>
<status status="PASS" starttime="20221029 19:07:06.804" endtime="20221029 19:07:06.823"/>
</kw>
<status status="PASS" starttime="20221029 19:07:06.803" endtime="20221029 19:07:06.824"/>
</kw>
<kw name="Read Cell Data" library="ExcelRobot">
<var>${Username}</var>
<arg>Employee</arg>
<arg>0</arg>
<arg>1</arg>
<doc>Uses the column and row to return the data from that cell.</doc>
<msg timestamp="20221029 19:07:06.827" level="INFO">${Username} = suchada1512@gmail.com</msg>
<status status="PASS" starttime="20221029 19:07:06.825" endtime="20221029 19:07:06.832"/>
</kw>
<kw name="Read Cell Data" library="ExcelRobot">
<var>${Password}</var>
<arg>Employee</arg>
<arg>1</arg>
<arg>1</arg>
<doc>Uses the column and row to return the data from that cell.</doc>
<msg timestamp="20221029 19:07:06.837" level="INFO">${Password} = suchada</msg>
<status status="PASS" starttime="20221029 19:07:06.835" endtime="20221029 19:07:06.840"/>
</kw>
<kw name="Open Project Monitoring System">
<kw name="Open Browser" library="SeleniumLibrary">
<arg>${URL}</arg>
<arg>${BROWSER}</arg>
<doc>Opens a new browser instance to the optional ``url``.</doc>
<msg timestamp="20221029 19:07:06.845" level="INFO">Opening browser 'Google Chrome' to base url 'http://dekdee2.informatics.buu.ac.th:9080/team0/'.</msg>
<status status="PASS" starttime="20221029 19:07:06.843" endtime="20221029 19:07:13.424"/>
</kw>
<kw name="Maximize Browser Window" library="SeleniumLibrary">
<doc>Maximizes current browser window.</doc>
<status status="PASS" starttime="20221029 19:07:13.425" endtime="20221029 19:07:13.696"/>
</kw>
<status status="PASS" starttime="20221029 19:07:06.841" endtime="20221029 19:07:13.697"/>
</kw>
<kw name="Click Menu Login">
<kw name="Sleep" library="BuiltIn">
<arg>2s</arg>
<doc>Pauses the test executed for the given time.</doc>
<msg timestamp="20221029 19:07:15.723" level="INFO">Slept 2 seconds</msg>
<status status="PASS" starttime="20221029 19:07:13.702" endtime="20221029 19:07:15.726"/>
</kw>
<kw name="Click Element" library="SeleniumLibrary">
<arg>//*[@id="main-wrapper"]/header/nav/div[2]/ul[2]/li/a</arg>
<doc>Click the element identified by ``locator``.</doc>
<msg timestamp="20221029 19:07:15.727" level="INFO">Clicking element '//*[@id="main-wrapper"]/header/nav/div[2]/ul[2]/li/a'.</msg>
<status status="PASS" starttime="20221029 19:07:15.726" endtime="20221029 19:07:16.474"/>
</kw>
<status status="PASS" starttime="20221029 19:07:13.699" endtime="20221029 19:07:16.476"/>
</kw>
<kw name="Sleep" library="BuiltIn">
<arg>1s</arg>
<doc>Pauses the test executed for the given time.</doc>
<msg timestamp="20221029 19:07:17.480" level="INFO">Slept 1 second</msg>
<status status="PASS" starttime="20221029 19:07:16.478" endtime="20221029 19:07:17.485"/>
</kw>
<kw name="Input Text" library="SeleniumLibrary">
<arg>id:u_email</arg>
<arg>${Username}</arg>
<doc>Types the given ``text`` into the text field identified by ``locator``.</doc>
<msg timestamp="20221029 19:07:17.489" level="INFO">Typing text 'suchada1512@gmail.com' into text field 'id:u_email'.</msg>
<status status="PASS" starttime="20221029 19:07:17.487" endtime="20221029 19:07:17.932"/>
</kw>
<kw name="Sleep" library="BuiltIn">
<arg>1s</arg>
<doc>Pauses the test executed for the given time.</doc>
<msg timestamp="20221029 19:07:18.937" level="INFO">Slept 1 second</msg>
<status status="PASS" starttime="20221029 19:07:17.934" endtime="20221029 19:07:18.940"/>
</kw>
<kw name="Input Text" library="SeleniumLibrary">
<arg>id:u_password</arg>
<arg>${Password}</arg>
<doc>Types the given ``text`` into the text field identified by ``locator``.</doc>
<msg timestamp="20221029 19:07:18.953" level="INFO">Typing text 'suchada' into text field 'id:u_password'.</msg>
<status status="PASS" starttime="20221029 19:07:18.951" endtime="20221029 19:07:19.227"/>
</kw>
<kw name="Click to Login">
<kw name="Sleep" library="BuiltIn">
<arg>2s</arg>
<doc>Pauses the test executed for the given time.</doc>
<msg timestamp="20221029 19:07:21.238" level="INFO">Slept 2 seconds</msg>
<status status="PASS" starttime="20221029 19:07:19.230" endtime="20221029 19:07:21.240"/>
</kw>
<kw name="Click Element" library="SeleniumLibrary">
<arg>//*[@id="loginBtn"]</arg>
<doc>Click the element identified by ``locator``.</doc>
<msg timestamp="20221029 19:07:21.242" level="INFO">Clicking element '//*[@id="loginBtn"]'.</msg>
<status status="PASS" starttime="20221029 19:07:21.241" endtime="20221029 19:07:21.349"/>
</kw>
<status status="PASS" starttime="20221029 19:07:19.228" endtime="20221029 19:07:21.350"/>
</kw>
<kw name="Click Sidebar Resiponse Project">
<kw name="Sleep" library="BuiltIn">
<arg>2s</arg>
<doc>Pauses the test executed for the given time.</doc>
<msg timestamp="20221029 19:07:23.361" level="INFO">Slept 2 seconds</msg>
<status status="PASS" starttime="20221029 19:07:21.354" endtime="20221029 19:07:23.365"/>
</kw>
<kw name="Click Element" library="SeleniumLibrary">
<arg>//*[@id="sidebarnav"]/li[2]/a/i</arg>
<doc>Click the element identified by ``locator``.</doc>
<msg timestamp="20221029 19:07:23.367" level="INFO">Clicking element '//*[@id="sidebarnav"]/li[2]/a/i'.</msg>
<status status="PASS" starttime="20221029 19:07:23.366" endtime="20221029 19:07:24.534"/>
</kw>
<status status="PASS" starttime="20221029 19:07:21.351" endtime="20221029 19:07:24.535"/>
</kw>
<kw name="Serch Project">
<kw name="Sleep" library="BuiltIn">
<arg>2s</arg>
<doc>Pauses the test executed for the given time.</doc>
<msg timestamp="20221029 19:07:26.543" level="INFO">Slept 2 seconds</msg>
<status status="PASS" starttime="20221029 19:07:24.541" endtime="20221029 19:07:26.546"/>
</kw>
<kw name="Input Text" library="SeleniumLibrary">
<arg>//*[@id="table_filter"]/label/input</arg>
<arg>โปรเจคทัวร์เที่ยวไทย</arg>
<doc>Types the given ``text`` into the text field identified by ``locator``.</doc>
<msg timestamp="20221029 19:07:26.549" level="INFO">Typing text 'โปรเจคทัวร์เที่ยวไทย' into text field '//*[@id="table_filter"]/label/input'.</msg>
<status status="PASS" starttime="20221029 19:07:26.547" endtime="20221029 19:07:26.924"/>
</kw>
<status status="PASS" starttime="20221029 19:07:24.540" endtime="20221029 19:07:26.925"/>
</kw>
<kw name="Click Manage Task Project">
<kw name="Sleep" library="BuiltIn">
<arg>2s</arg>
<doc>Pauses the test executed for the given time.</doc>
<msg timestamp="20221029 19:07:28.943" level="INFO">Slept 2 seconds</msg>
<status status="PASS" starttime="20221029 19:07:26.928" endtime="20221029 19:07:28.945"/>
</kw>
<kw name="Click Element" library="SeleniumLibrary">
<arg>//*[@id="project9"]/td[6]/a</arg>
<doc>Click the element identified by ``locator``.</doc>
<msg timestamp="20221029 19:07:28.947" level="INFO">Clicking element '//*[@id="project9"]/td[6]/a'.</msg>
<msg timestamp="20221029 19:07:29.159" level="INFO" html="true">&lt;/td&gt;&lt;/tr&gt;&lt;tr&gt;&lt;td colspan="3"&gt;&lt;a href="selenium-screenshot-2.png"&gt;&lt;img src="selenium-screenshot-2.png" width="800px"&gt;&lt;/a&gt;</msg>
<msg timestamp="20221029 19:07:29.166" level="FAIL">Element with locator '//*[@id="project9"]/td[6]/a' not found.</msg>
<status status="FAIL" starttime="20221029 19:07:28.946" endtime="20221029 19:07:29.290"/>
</kw>
<status status="FAIL" starttime="20221029 19:07:26.926" endtime="20221029 19:07:29.296"/>
</kw>
<kw name="Click Add Project Task">
<status status="NOT RUN" starttime="20221029 19:07:29.298" endtime="20221029 19:07:29.298"/>
</kw>
<kw name="Click Dropdown Project Task">
<status status="NOT RUN" starttime="20221029 19:07:29.299" endtime="20221029 19:07:29.300"/>
</kw>
<kw name="Click choose Project Task">
<status status="NOT RUN" starttime="20221029 19:07:29.301" endtime="20221029 19:07:29.301"/>
</kw>
<kw name="Fill out detail Project Task">
<status status="NOT RUN" starttime="20221029 19:07:29.302" endtime="20221029 19:07:29.303"/>
</kw>
<kw name="Click choose date Project Task">
<status status="NOT RUN" starttime="20221029 19:07:29.305" endtime="20221029 19:07:29.307"/>
</kw>
<kw name="Click Add document Project Task">
<status status="NOT RUN" starttime="20221029 19:07:29.308" endtime="20221029 19:07:29.309"/>
</kw>
<kw name="Close Browser Page">
<status status="NOT RUN" starttime="20221029 19:07:29.310" endtime="20221029 19:07:29.311"/>
</kw>
<status status="FAIL" starttime="20221029 19:07:06.799" endtime="20221029 19:07:29.314">Element with locator '//*[@id="project9"]/td[6]/a' not found.</status>
</test>
<status status="FAIL" starttime="20221029 19:07:05.365" endtime="20221029 19:07:29.325"/>
</suite>
<status status="FAIL" starttime="20221029 19:07:05.352" endtime="20221029 19:07:29.334"/>
</suite>
<status status="FAIL" starttime="20221029 19:07:05.342" endtime="20221029 19:07:29.347"/>
</suite>
<status status="FAIL" starttime="20221029 19:07:05.274" endtime="20221029 19:07:29.365"/>
</suite>
<statistics>
<total>
<stat pass="0" fail="1" skip="0">All Tests</stat>
</total>
<tag>
</tag>
<suite>
<stat pass="0" fail="1" skip="0" id="s1" name="automateTestTeam0">automateTestTeam0</stat>
<stat pass="0" fail="1" skip="0" id="s1-s1" name="Employee">automateTestTeam0.Employee</stat>
<stat pass="0" fail="1" skip="0" id="s1-s1-s1" name="test add taskInProject">automateTestTeam0.Employee.test add taskInProject</stat>
<stat pass="0" fail="1" skip="0" id="s1-s1-s1-s1" name="add taskInProject">automateTestTeam0.Employee.test add taskInProject.add taskInProject</stat>
</suite>
</statistics>
<errors>
</errors>
</robot>
